
Cadence Innovus(TM) Implementation System.
Copyright 2017 Cadence Design Systems, Inc. All rights reserved worldwide.

Version:	v17.11-s080_1, built Fri Aug 4 11:13:11 PDT 2017
Options:	
Date:		Wed Apr 26 18:42:40 2023
Host:		cimeld29.cime.inpg.fr (x86_64 w/Linux 3.10.0-1160.76.1.el7.x86_64) (8cores*16cpus*Intel(R) Core(TM) i7-10700 CPU @ 2.90GHz 16384KB)
OS:		Red Hat Enterprise Linux Server release 7.9 (Maipo)

License:
		invs	Innovus Implementation System	17.1	checkout succeeded
		8 CPU jobs allowed with the current license(s). Use setMultiCpuUsage to set your required CPU count.
Change the soft stacksize limit to 0.2%RAM (63 mbytes). Set global soft_stack_size_limit to change the value.

**INFO:  MMMC transition support version v31-84 

<CMD> set_global _enable_mmmc_by_default_flow      $CTE::mmmc_default
<CMD> suppressMessage ENCEXT-2799
<CMD> getDrawView
<CMD> loadWorkspace -name Physical
<CMD> win
<CMD_INTERNAL> print {---# TCL Script amsSetup.tcl loaded}
---# TCL Script amsSetup.tcl loaded
<CMD> set init_layout_view {}
<CMD> set init_verilog ./INPUT_DATA/filter_io.v
<CMD> set init_mmmc_file ./view_definition.tcl
<CMD> set init_lef_file {/softslin/AMS_410_ISR15/cds/HK_C35/LEF/c35b4/c35b4.lef /softslin/AMS_410_ISR15/cds/HK_C35/LEF/c35b4/CORELIB.lef /softslin/AMS_410_ISR15/cds/HK_C35/LEF/c35b4/IOLIB_4M.lef}
<CMD> set init_top_cell filter_io
<CMD> set init_gnd_net {gnd! gnd3r! gnd3o!}
<CMD> set init_pwr_net {vdd! vdd3r1! vdd3r2! vdd3o!}
<CMD> set cts_cell_list {CLKIN0 CLKIN1 CLKIN2 CLKIN3 CLKIN4 CLKIN6 CLKIN8 CLKIN10 CLKIN12 CLKIN15 CLKBU2 CLKBU4 CLKBU6 CLKBU8 CLKBU12 CLKBU15}
<CMD> set init_verilog {./network_netlist.v ./network_io.sv}
<CMD> set init_layout_view {}
<CMD> set init_verilog ./INPUT_DATA/filter_io.v
<CMD> set init_mmmc_file ./view_definition.tcl
<CMD> set init_lef_file {/softslin/AMS_410_ISR15/cds/HK_C35/LEF/c35b4/c35b4.lef /softslin/AMS_410_ISR15/cds/HK_C35/LEF/c35b4/CORELIB.lef /softslin/AMS_410_ISR15/cds/HK_C35/LEF/c35b4/IOLIB_4M.lef}
<CMD> set init_top_cell filter_io
<CMD> set init_gnd_net {gnd! gnd3r! gnd3o!}
<CMD> set init_pwr_net {vdd! vdd3r1! vdd3r2! vdd3o!}
<CMD> set cts_cell_list {CLKIN0 CLKIN1 CLKIN2 CLKIN3 CLKIN4 CLKIN6 CLKIN8 CLKIN10 CLKIN12 CLKIN15 CLKBU2 CLKBU4 CLKBU6 CLKBU8 CLKBU12 CLKBU15}
<CMD> set init_layout_view {}
<CMD> set init_verilog ./INPUT_DATA/network_io.v
<CMD> set init_mmmc_file ./view_definition.tcl
<CMD> set init_lef_file {/softslin/AMS_410_ISR15/cds/HK_C35/LEF/c35b4/c35b4.lef /softslin/AMS_410_ISR15/cds/HK_C35/LEF/c35b4/CORELIB.lef /softslin/AMS_410_ISR15/cds/HK_C35/LEF/c35b4/IOLIB_4M.lef}
<CMD> set init_top_cell filter_io
<CMD> set init_gnd_net {gnd! gnd3r! gnd3o!}
<CMD> set init_pwr_net {vdd! vdd3r1! vdd3r2! vdd3o!}
<CMD> set cts_cell_list {CLKIN0 CLKIN1 CLKIN2 CLKIN3 CLKIN4 CLKIN6 CLKIN8 CLKIN10 CLKIN12 CLKIN15 CLKBU2 CLKBU4 CLKBU6 CLKBU8 CLKBU12 CLKBU15}

*** Memory Usage v#1 (Current mem = 486.227M, initial mem = 187.660M) ***
*** Message Summary: 0 warning(s), 0 error(s)

--- Ending "Innovus" (totcpu=0:00:31.5, real=0:04:11, mem=486.2M) ---
