# Info: [9566]: Logging session transcript to file /tp/xph2sei/xph2sei403/MiniProjet/precision.log
//  Precision RTL Synthesis 2014a.1_64-bit (Production Release) Mon Feb 24 02:39:08 PST 2014
//  
//  Copyright (c) Mentor Graphics Corporation, 1996-2014, All Rights Reserved.
//             Portions copyright 1991-2008 Compuware Corporation
//                       UNPUBLISHED, LICENSED SOFTWARE.
//            CONFIDENTIAL AND PROPRIETARY INFORMATION WHICH IS THE
//          PROPERTY OF MENTOR GRAPHICS CORPORATION OR ITS LICENSORS
//  
//  Running on Linux xph2sei403@cimeld43.cime.inpg.fr #1 SMP Wed Sep 16 06:48:01 EDT 2020 2.6.32-754.35.1.el6.x86_64 x86_64
//  
//  Start time Fri Apr  7 15:56:48 2023
# -------------------------------------------------
# Info: [9566]: Logging session transcript to file /tp/xph2sei/xph2sei403/MiniProjet/precision.log
# COMMAND: open_project /tp/xph2sei/xph2sei403/MiniProjet/fpga/synth/Neuron.psp
# Info: [9574]: Input directory: /tp/xph2sei/xph2sei403/MiniProjet/fpga/synth
# Info: [9569]: Moving session transcript to file /tp/xph2sei/xph2sei403/MiniProjet/fpga/synth/precision.log
# Info: [9575]: The Results Directory has been set to: /tp/xph2sei/xph2sei403/MiniProjet/fpga/synth/Neuron_impl_1/
# Info: [9565]: Appending project transcript to file /tp/xph2sei/xph2sei403/MiniProjet/fpga/synth/Neuron_impl_1/precision.log
# Info: [9565]: Appending suppressed messages transcript to file /tp/xph2sei/xph2sei403/MiniProjet/fpga/synth/Neuron_impl_1/precision.log.suppressed
# Info: [15297]: Setting up the design to use synthesis library "xis3.syn"
# Info: [573]: The global max fanout is currently set to 10000 for Xilinx - SPARTAN3.
# Info: [15323]: Setting Part to: "3s1000ft256".
# Info: [15324]: Setting Process to: "5".
# Info: [7512]: The place and route tool for current technology is ISE.
# Warning: [568]: Setting 'optimize_power_effort' is not allowed in RTL product mode. Ignoring.
# Info: [3022]: Reading file: /softslin/precision2014a_64b/Mgc_home/pkgs/psr/techlibs/xis3.syn.
# Info: [631]: Loading library initialization file /softslin/precision2014a_64b/Mgc_home/pkgs/psr/userware/xilinx_rename.tcl
# Info: XILINX
# Info: [9550]: Activated implementation Neuron_impl_1 in project /tp/xph2sei/xph2sei403/MiniProjet/fpga/synth/Neuron.psp.
open_project /tp/xph2sei/xph2sei403/MiniProjet/fpga/synth/Neuron.psp
# COMMAND: exit -force
# Info: [9530]: Closed project: /tp/xph2sei/xph2sei403/MiniProjet/fpga/synth/Neuron.psp.
close_project -discard
exit -force
